<?xml version="1.0" encoding="UTF-8"?>
<!-- Generated by org.testng.reporters.JUnitReportReporter -->
<testsuite hostname="HP-PC" failures="0" tests="1" name="functionality.loginpage" time="11.319" errors="0" timestamp="2022-01-08T22:39:17 IST" skipped="0">
  <testcase classname="functionality.loginpage" name="loginfun" time="11.319"/>
  <system-out/>
</testsuite> <!-- functionality.loginpage -->
