<?xml version="1.0" encoding="UTF-8"?>
<!-- Generated by org.testng.reporters.JUnitReportReporter -->
<testsuite hostname="HP-PC" failures="0" tests="1" name="functionality.login2" time="29.632" errors="0" timestamp="2022-01-14T21:26:22 IST" skipped="0">
  <testcase classname="functionality.login2" name="loginfun" time="29.632"/>
  <system-out/>
</testsuite> <!-- functionality.login2 -->
